<?xml version="1.0" encoding="UTF-8" ?>
<testsuite tests="9" failures="0" name="arso.restaurantes.test.ServicioRestauranteTest" time="9.101" errors="0" skipped="0">
  <properties>
[...]
</properties>
  <testcase classname="arso.restaurantes.test.ServicioRestauranteTest" name="testEntidadNoEncontrada" time="0.812"/>
  <testcase classname="arso.restaurantes.test.ServicioRestauranteTest" name="testRemoveRestaurante" time="0.676"/>
  <testcase classname="arso.restaurantes.test.ServicioRestauranteTest" name="testCreateRestaurante" time="0.566"/>
  <testcase classname="arso.restaurantes.test.ServicioRestauranteTest" name="testGetListadoRestaurantes" time="3.613"/>
  <testcase classname="arso.restaurantes.test.ServicioRestauranteTest" name="testUpdateRestaurante" time="0.766"/>
  <testcase classname="arso.restaurantes.test.ServicioRestauranteTest" name="tesAddPlato" time="0.749"/>
  <testcase classname="arso.restaurantes.test.ServicioRestauranteTest" name="tesRemovePlato" time="0.829"/>
  <testcase classname="arso.restaurantes.test.ServicioRestauranteTest" name="testGetRestaurante" time="0.456"/>
  <testcase classname="arso.restaurantes.test.ServicioRestauranteTest" name="testUpdatePlato" time="0.634"/>
</testsuite>