<?xml version="1.0" encoding="UTF-8" ?>
<testsuite tests="8" failures="0" name="arso.restaurantes.test.ServicioRestauranteTest" time="0.239" errors="0" skipped="0">
  <properties>
[...]
</properties>
  <testcase classname="arso.restaurantes.test.ServicioRestauranteTest" name="testCreateRestaurante" time="0.233"/>
  <testcase classname="arso.restaurantes.test.ServicioRestauranteTest" name="testUpdateRestaurante" time="0"/>
  <testcase classname="arso.restaurantes.test.ServicioRestauranteTest" name="testRemoveRestaurante" time="0"/>
  <testcase classname="arso.restaurantes.test.ServicioRestauranteTest" name="testGetListadoRestaurantes" time="0.003"/>
  <testcase classname="arso.restaurantes.test.ServicioRestauranteTest" name="testUpdatePlato" time="0.002"/>
  <testcase classname="arso.restaurantes.test.ServicioRestauranteTest" name="tesRemovePlato" time="0.001"/>
  <testcase classname="arso.restaurantes.test.ServicioRestauranteTest" name="tesAddPlato" time="0"/>
  <testcase classname="arso.restaurantes.test.ServicioRestauranteTest" name="testGetRestaurante" time="0"/>
</testsuite>